[0m16:24:02.313375 [debug] [MainThread]: Sending event: {'category': 'dbt', 'action': 'invocation', 'label': 'start', 'context': [<snowplow_tracker.self_describing_json.SelfDescribingJson object at 0x7f3aa9441670>, <snowplow_tracker.self_describing_json.SelfDescribingJson object at 0x7f3aa9838f80>, <snowplow_tracker.self_describing_json.SelfDescribingJson object at 0x7f3aa97fefc0>]}


============================== 16:24:02.319851 | 433e4830-8167-4ef7-9ca2-f2e628e73ee7 ==============================
[0m16:24:02.319851 [info ] [MainThread]: Running with dbt=1.7.11
[0m16:24:02.320734 [debug] [MainThread]: running dbt with arguments {'printer_width': '80', 'indirect_selection': 'eager', 'log_cache_events': 'False', 'write_json': 'True', 'partial_parse': 'True', 'cache_selected_only': 'False', 'profiles_dir': '/home/dan/.dbt', 'debug': 'False', 'version_check': 'True', 'log_path': 'logs', 'warn_error': 'None', 'fail_fast': 'False', 'use_colors': 'True', 'use_experimental_parser': 'False', 'no_print': 'None', 'quiet': 'False', 'log_format': 'default', 'invocation_command': 'dbt init jaffle_shop', 'warn_error_options': 'WarnErrorOptions(include=[], exclude=[])', 'static_parser': 'True', 'target_path': 'None', 'introspect': 'True', 'send_anonymous_usage_stats': 'True'}
[0m16:24:02.321345 [warn ] [MainThread]: [ConfigFolderDirectory]: Unable to parse dict {'dir': PosixPath('/home/dan/.dbt')}
[0m16:24:02.321828 [info ] [MainThread]: Creating dbt configuration folder at 
[0m16:24:02.323285 [debug] [MainThread]: Starter project path: /home/dan/.pyenv/versions/3.12.1/lib/python3.12/site-packages/dbt/include/starter_project
[0m16:24:02.327000 [info ] [MainThread]: 
Your new dbt project "jaffle_shop" was created!

For more information on how to configure the profiles.yml file,
please consult the dbt documentation here:

  https://docs.getdbt.com/docs/configure-your-profile

One more thing:

Need help? Don't hesitate to reach out to us via GitHub issues or on Slack:

  https://community.getdbt.com/

Happy modeling!

[0m16:24:02.327597 [info ] [MainThread]: Setting up your profile.
[0m16:26:13.718782 [info ] [MainThread]: Profile jaffle_shop written to /home/dan/.dbt/profiles.yml using target's profile_template.yml and your supplied values. Run 'dbt debug' to validate the connection.
[0m16:26:13.721204 [debug] [MainThread]: Resource report: {"command_name": "init", "command_success": true, "command_wall_clock_time": 131.4106, "process_user_time": 3.767288, "process_kernel_time": 0.49964, "process_mem_max_rss": "171308", "process_in_blocks": "104", "process_out_blocks": "80"}
[0m16:26:13.722121 [debug] [MainThread]: Command `dbt init` succeeded at 16:26:13.721910 after 131.41 seconds
[0m16:26:13.722592 [debug] [MainThread]: Sending event: {'category': 'dbt', 'action': 'invocation', 'label': 'end', 'context': [<snowplow_tracker.self_describing_json.SelfDescribingJson object at 0x7f3aa9aba000>, <snowplow_tracker.self_describing_json.SelfDescribingJson object at 0x7f3aa9f7e6f0>, <snowplow_tracker.self_describing_json.SelfDescribingJson object at 0x7f3a91218e00>]}
[0m16:26:13.723130 [debug] [MainThread]: Flushing usage events
